door/build/outputs/logs/manifest-merger-release-report.txt
-- Merging decision tree log ---
manifest
ADDED from AndroidManifest.xml:2:1
	xmlns:android
		ADDED from AndroidManifest.xml:2:11
	package
		ADDED from AndroidManifest.xml:3:5
		INJECTED from AndroidManifest.xml:0:0
		INJECTED from AndroidManifest.xml:0:0
	android:versionName
		ADDED from AndroidManifest.xml:5:5
	android:versionCode
		ADDED from AndroidManifest.xml:4:5
		INJECTED from AndroidManifest.xml:0:0
		INJECTED from AndroidManifest.xml:0:0
uses-permission#android.permission.SYSTEM_ALERT_WINDOW
ADDED from AndroidManifest.xml:6:2
	android:name
		ADDED from AndroidManifest.xml:6:19
uses-permission#android.permission.ACCESS_WIFI_STATE
ADDED from AndroidManifest.xml:7:2
	android:name
		ADDED from AndroidManifest.xml:7:19
uses-permission#android.permission.GET_ACCOUNTS
ADDED from AndroidManifest.xml:8:2
	android:name
		ADDED from AndroidManifest.xml:8:19
uses-permission#android.permission.USE_CREDENTIALS
ADDED from AndroidManifest.xml:9:2
	android:name
		ADDED from AndroidManifest.xml:9:19
uses-permission#android.permission.MANAGE_ACCOUNTS
ADDED from AndroidManifest.xml:10:2
	android:name
		ADDED from AndroidManifest.xml:10:19
uses-permission#android.permission.RECEIVE_BOOT_COMPLETED
ADDED from AndroidManifest.xml:11:2
	android:name
		ADDED from AndroidManifest.xml:11:19
uses-permission#android.permission.WAKE_LOCK
ADDED from AndroidManifest.xml:12:2
	android:name
		ADDED from AndroidManifest.xml:12:19
uses-permission#android.permission.RECEIVE_SMS
ADDED from AndroidManifest.xml:13:5
	android:name
		ADDED from AndroidManifest.xml:13:22
uses-permission#android.permission.INTERNET
ADDED from AndroidManifest.xml:15:3
	android:name
		ADDED from AndroidManifest.xml:15:20
uses-permission#android.permission.READ_PHONE_STATE
ADDED from AndroidManifest.xml:16:5
	android:name
		ADDED from AndroidManifest.xml:16:22
uses-permission#android.permission.ACCESS_NETWORK_STATE
ADDED from AndroidManifest.xml:17:5
	android:name
		ADDED from AndroidManifest.xml:17:22
uses-permission#android.permission.BROADCAST_STICKY
ADDED from AndroidManifest.xml:18:5
	android:name
		ADDED from AndroidManifest.xml:18:22
uses-permission#android.permission.WRITE_SETTINGS
ADDED from AndroidManifest.xml:19:5
	android:name
		ADDED from AndroidManifest.xml:19:22
uses-permission#android.permission.WRITE_EXTERNAL_STORAGE
ADDED from AndroidManifest.xml:21:2
	android:name
		ADDED from AndroidManifest.xml:21:19
uses-permission#android.permission.ACCESS_DOWNLOAD_MANAGER
ADDED from AndroidManifest.xml:22:5
	android:name
		ADDED from AndroidManifest.xml:22:22
uses-permission#android.permission.DOWNLOAD_WITHOUT_NOTIFICATION
ADDED from AndroidManifest.xml:23:5
	android:name
		ADDED from AndroidManifest.xml:23:22
uses-permission#android.permission.DISABLE_KEYGUARD
ADDED from AndroidManifest.xml:25:5
	android:name
		ADDED from AndroidManifest.xml:25:22
uses-permission#android.permission.ACCESS_COARSE_LOCATION
ADDED from AndroidManifest.xml:26:5
	android:name
		ADDED from AndroidManifest.xml:26:22
uses-permission#android.permission.ACCESS_FINE_LOCATION
ADDED from AndroidManifest.xml:28:5
	android:name
		ADDED from AndroidManifest.xml:28:22
uses-permission#android.permission.GET_TASKS
ADDED from AndroidManifest.xml:29:5
	android:name
		ADDED from AndroidManifest.xml:29:22
uses-permission#android.permission.VIBRATE
ADDED from AndroidManifest.xml:30:6
MERGED from door:glowPadView:unspecified:11:5
	android:name
		ADDED from AndroidManifest.xml:30:23
uses-permission#android.permission.READ_CONTACTS
ADDED from AndroidManifest.xml:31:6
	android:name
		ADDED from AndroidManifest.xml:31:23
uses-sdk
ADDED from AndroidManifest.xml:32:5
MERGED from door:datetimepickerlibrary:unspecified:7:5
MERGED from door:librarynineold:unspecified:7:5
MERGED from com.android.support:support-v4:22.1.1:20:5
MERGED from door:librarynineold:unspecified:7:5
MERGED from door:glowPadView:unspecified:7:5
MERGED from com.android.support:support-v4:22.1.1:20:5
MERGED from com.google.android.gms:play-services:7.3.0:18:5
MERGED from com.google.android.gms:play-services-ads:7.3.0:18:5
MERGED from com.google.android.gms:play-services-base:7.3.0:18:5
MERGED from com.android.support:support-v4:22.1.1:20:5
MERGED from com.google.android.gms:play-services-analytics:7.3.0:18:5
MERGED from com.google.android.gms:play-services-base:7.3.0:18:5
MERGED from com.android.support:support-v4:22.1.1:20:5
MERGED from com.google.android.gms:play-services-analytics:7.3.0:18:5
MERGED from com.google.android.gms:play-services-base:7.3.0:18:5
MERGED from com.android.support:support-v4:22.1.1:20:5
MERGED from com.google.android.gms:play-services-appindexing:7.3.0:18:5
MERGED from com.google.android.gms:play-services-base:7.3.0:18:5
MERGED from com.android.support:support-v4:22.1.1:20:5
MERGED from com.google.android.gms:play-services-appinvite:7.3.0:18:5
MERGED from com.google.android.gms:play-services-base:7.3.0:18:5
MERGED from com.android.support:support-v4:22.1.1:20:5
MERGED from com.google.android.gms:play-services-appstate:7.3.0:18:5
MERGED from com.google.android.gms:play-services-base:7.3.0:18:5
MERGED from com.android.support:support-v4:22.1.1:20:5
MERGED from com.google.android.gms:play-services-base:7.3.0:18:5
MERGED from com.android.support:support-v4:22.1.1:20:5
MERGED from com.google.android.gms:play-services-cast:7.3.0:18:5
MERGED from com.google.android.gms:play-services-base:7.3.0:18:5
MERGED from com.android.support:support-v4:22.1.1:20:5
MERGED from com.google.android.gms:play-services-drive:7.3.0:18:5
MERGED from com.google.android.gms:play-services-base:7.3.0:18:5
MERGED from com.android.support:support-v4:22.1.1:20:5
MERGED from com.google.android.gms:play-services-fitness:7.3.0:18:5
MERGED from com.google.android.gms:play-services-base:7.3.0:18:5
MERGED from com.android.support:support-v4:22.1.1:20:5
MERGED from com.google.android.gms:play-services-location:7.3.0:18:5
MERGED from com.google.android.gms:play-services-base:7.3.0:18:5
MERGED from com.android.support:support-v4:22.1.1:20:5
MERGED from com.google.android.gms:play-services-maps:7.3.0:18:5
MERGED from com.google.android.gms:play-services-base:7.3.0:18:5
MERGED from com.android.support:support-v4:22.1.1:20:5
MERGED from com.google.android.gms:play-services-games:7.3.0:18:5
MERGED from com.google.android.gms:play-services-base:7.3.0:18:5
MERGED from com.android.support:support-v4:22.1.1:20:5
MERGED from com.google.android.gms:play-services-drive:7.3.0:18:5
MERGED from com.google.android.gms:play-services-base:7.3.0:18:5
MERGED from com.android.support:support-v4:22.1.1:20:5
MERGED from com.google.android.gms:play-services-gcm:7.3.0:18:5
MERGED from com.google.android.gms:play-services-base:7.3.0:18:5
MERGED from com.android.support:support-v4:22.1.1:20:5
MERGED from com.google.android.gms:play-services-identity:7.3.0:18:5
MERGED from com.google.android.gms:play-services-base:7.3.0:18:5
MERGED from com.android.support:support-v4:22.1.1:20:5
MERGED from com.google.android.gms:play-services-location:7.3.0:18:5
MERGED from com.google.android.gms:play-services-base:7.3.0:18:5
MERGED from com.android.support:support-v4:22.1.1:20:5
MERGED from com.google.android.gms:play-services-maps:7.3.0:18:5
MERGED from com.google.android.gms:play-services-base:7.3.0:18:5
MERGED from com.android.support:support-v4:22.1.1:20:5
MERGED from com.google.android.gms:play-services-maps:7.3.0:18:5
MERGED from com.google.android.gms:play-services-base:7.3.0:18:5
MERGED from com.android.support:support-v4:22.1.1:20:5
MERGED from com.google.android.gms:play-services-nearby:7.3.0:18:5
MERGED from com.google.android.gms:play-services-base:7.3.0:18:5
MERGED from com.android.support:support-v4:22.1.1:20:5
MERGED from com.google.android.gms:play-services-panorama:7.3.0:18:5
MERGED from com.google.android.gms:play-services-base:7.3.0:18:5
MERGED from com.android.support:support-v4:22.1.1:20:5
MERGED from com.google.android.gms:play-services-plus:7.3.0:18:5
MERGED from com.google.android.gms:play-services-base:7.3.0:18:5
MERGED from com.android.support:support-v4:22.1.1:20:5
MERGED from com.google.android.gms:play-services-safetynet:7.3.0:18:5
MERGED from com.google.android.gms:play-services-base:7.3.0:18:5
MERGED from com.android.support:support-v4:22.1.1:20:5
MERGED from com.google.android.gms:play-services-wallet:7.3.0:18:5
MERGED from com.google.android.gms:play-services-base:7.3.0:18:5
MERGED from com.android.support:support-v4:22.1.1:20:5
MERGED from com.google.android.gms:play-services-identity:7.3.0:18:5
MERGED from com.google.android.gms:play-services-base:7.3.0:18:5
MERGED from com.android.support:support-v4:22.1.1:20:5
MERGED from com.google.android.gms:play-services-maps:7.3.0:18:5
MERGED from com.google.android.gms:play-services-base:7.3.0:18:5
MERGED from com.android.support:support-v4:22.1.1:20:5
MERGED from com.google.android.gms:play-services-wearable:7.3.0:18:5
MERGED from com.google.android.gms:play-services-base:7.3.0:18:5
MERGED from com.android.support:support-v4:22.1.1:20:5
MERGED from com.android.support:support-v4:22.1.1:20:5
MERGED from AndroidManifest.xml:3:13
	android:targetSdkVersion
		ADDED from AndroidManifest.xml:34:9
		INJECTED from AndroidManifest.xml:0:0
		INJECTED from AndroidManifest.xml:0:0
	android:minSdkVersion
		ADDED from AndroidManifest.xml:33:9
		INJECTED from AndroidManifest.xml:0:0
		INJECTED from AndroidManifest.xml:0:0
application
ADDED from AndroidManifest.xml:36:5
MERGED from com.android.support:support-v4:22.1.1:22:5
MERGED from com.android.support:support-v4:22.1.1:22:5
MERGED from com.google.android.gms:play-services:7.3.0:19:5
MERGED from com.google.android.gms:play-services-ads:7.3.0:19:5
MERGED from com.google.android.gms:play-services-base:7.3.0:20:5
MERGED from com.android.support:support-v4:22.1.1:22:5
MERGED from com.google.android.gms:play-services-analytics:7.3.0:19:5
MERGED from com.google.android.gms:play-services-base:7.3.0:20:5
MERGED from com.android.support:support-v4:22.1.1:22:5
MERGED from com.google.android.gms:play-services-analytics:7.3.0:19:5
MERGED from com.google.android.gms:play-services-base:7.3.0:20:5
MERGED from com.android.support:support-v4:22.1.1:22:5
MERGED from com.google.android.gms:play-services-appindexing:7.3.0:19:5
MERGED from com.google.android.gms:play-services-base:7.3.0:20:5
MERGED from com.android.support:support-v4:22.1.1:22:5
MERGED from com.google.android.gms:play-services-appinvite:7.3.0:19:5
MERGED from com.google.android.gms:play-services-base:7.3.0:20:5
MERGED from com.android.support:support-v4:22.1.1:22:5
MERGED from com.google.android.gms:play-services-appstate:7.3.0:19:5
MERGED from com.google.android.gms:play-services-base:7.3.0:20:5
MERGED from com.android.support:support-v4:22.1.1:22:5
MERGED from com.google.android.gms:play-services-base:7.3.0:20:5
MERGED from com.android.support:support-v4:22.1.1:22:5
MERGED from com.google.android.gms:play-services-cast:7.3.0:19:5
MERGED from com.google.android.gms:play-services-base:7.3.0:20:5
MERGED from com.android.support:support-v4:22.1.1:22:5
MERGED from com.google.android.gms:play-services-drive:7.3.0:19:5
MERGED from com.google.android.gms:play-services-base:7.3.0:20:5
MERGED from com.android.support:support-v4:22.1.1:22:5
MERGED from com.google.android.gms:play-services-fitness:7.3.0:19:5
MERGED from com.google.android.gms:play-services-base:7.3.0:20:5
MERGED from com.android.support:support-v4:22.1.1:22:5
MERGED from com.google.android.gms:play-services-location:7.3.0:19:5
MERGED from com.google.android.gms:play-services-base:7.3.0:20:5
MERGED from com.android.support:support-v4:22.1.1:22:5
MERGED from com.google.android.gms:play-services-maps:7.3.0:19:5
MERGED from com.google.android.gms:play-services-base:7.3.0:20:5
MERGED from com.android.support:support-v4:22.1.1:22:5
MERGED from com.google.android.gms:play-services-games:7.3.0:19:5
MERGED from com.google.android.gms:play-services-base:7.3.0:20:5
MERGED from com.android.support:support-v4:22.1.1:22:5
MERGED from com.google.android.gms:play-services-drive:7.3.0:19:5
MERGED from com.google.android.gms:play-services-base:7.3.0:20:5
MERGED from com.android.support:support-v4:22.1.1:22:5
MERGED from com.google.android.gms:play-services-gcm:7.3.0:19:5
MERGED from com.google.android.gms:play-services-base:7.3.0:20:5
MERGED from com.android.support:support-v4:22.1.1:22:5
MERGED from com.google.android.gms:play-services-identity:7.3.0:19:5
MERGED from com.google.android.gms:play-services-base:7.3.0:20:5
MERGED from com.android.support:support-v4:22.1.1:22:5
MERGED from com.google.android.gms:play-services-location:7.3.0:19:5
MERGED from com.google.android.gms:play-services-base:7.3.0:20:5
MERGED from com.android.support:support-v4:22.1.1:22:5
MERGED from com.google.android.gms:play-services-maps:7.3.0:19:5
MERGED from com.google.android.gms:play-services-base:7.3.0:20:5
MERGED from com.android.support:support-v4:22.1.1:22:5
MERGED from com.google.android.gms:play-services-maps:7.3.0:19:5
MERGED from com.google.android.gms:play-services-base:7.3.0:20:5
MERGED from com.android.support:support-v4:22.1.1:22:5
MERGED from com.google.android.gms:play-services-nearby:7.3.0:19:5
MERGED from com.google.android.gms:play-services-base:7.3.0:20:5
MERGED from com.android.support:support-v4:22.1.1:22:5
MERGED from com.google.android.gms:play-services-panorama:7.3.0:19:5
MERGED from com.google.android.gms:play-services-base:7.3.0:20:5
MERGED from com.android.support:support-v4:22.1.1:22:5
MERGED from com.google.android.gms:play-services-plus:7.3.0:19:5
MERGED from com.google.android.gms:play-services-base:7.3.0:20:5
MERGED from com.android.support:support-v4:22.1.1:22:5
MERGED from com.google.android.gms:play-services-safetynet:7.3.0:19:5
MERGED from com.google.android.gms:play-services-base:7.3.0:20:5
MERGED from com.android.support:support-v4:22.1.1:22:5
MERGED from com.google.android.gms:play-services-wallet:7.3.0:19:5
MERGED from com.google.android.gms:play-services-base:7.3.0:20:5
MERGED from com.android.support:support-v4:22.1.1:22:5
MERGED from com.google.android.gms:play-services-identity:7.3.0:19:5
MERGED from com.google.android.gms:play-services-base:7.3.0:20:5
MERGED from com.android.support:support-v4:22.1.1:22:5
MERGED from com.google.android.gms:play-services-maps:7.3.0:19:5
MERGED from com.google.android.gms:play-services-base:7.3.0:20:5
MERGED from com.android.support:support-v4:22.1.1:22:5
MERGED from com.google.android.gms:play-services-wearable:7.3.0:19:5
MERGED from com.google.android.gms:play-services-base:7.3.0:20:5
MERGED from com.android.support:support-v4:22.1.1:22:5
MERGED from com.android.support:support-v4:22.1.1:22:5
MERGED from AndroidManifest.xml:4:5
	android:screenOrientation
		ADDED from AndroidManifest.xml:41:9
	android:label
		ADDED from AndroidManifest.xml:40:9
	android:allowBackup
		ADDED from AndroidManifest.xml:38:9
	android:icon
		ADDED from AndroidManifest.xml:39:9
	android:configChanges
		ADDED from AndroidManifest.xml:42:9
	android:theme
		ADDED from AndroidManifest.xml:43:9
	android:name
		ADDED from AndroidManifest.xml:37:9
activity#com.geeker.door.MainActivity
ADDED from AndroidManifest.xml:44:9
	android:label
		ADDED from AndroidManifest.xml:46:13
	android:clearTaskOnLaunch
		ADDED from AndroidManifest.xml:47:4
	android:name
		ADDED from AndroidManifest.xml:45:13
	android:logo
		ADDED from AndroidManifest.xml:48:4
activity#com.geeker.door.LaunchReceiver
ADDED from AndroidManifest.xml:52:9
	android:noHistory
		ADDED from AndroidManifest.xml:55:13
	android:theme
		ADDED from AndroidManifest.xml:54:13
	android:name
		ADDED from AndroidManifest.xml:53:13
intent-filter#android.intent.action.MAIN+android.intent.category.LAUNCHER
ADDED from AndroidManifest.xml:57:13
action#android.intent.action.MAIN
ADDED from AndroidManifest.xml:58:17
	android:name
		ADDED from AndroidManifest.xml:58:25
category#android.intent.category.LAUNCHER
ADDED from AndroidManifest.xml:59:17
	android:name
		ADDED from AndroidManifest.xml:59:27
activity#com.geeker.door.welcome.WelcomeActivity
ADDED from AndroidManifest.xml:62:10
	android:theme
		ADDED from AndroidManifest.xml:64:13
	android:name
		ADDED from AndroidManifest.xml:63:13
activity#com.geeker.door.welcome.LoginActivity
ADDED from AndroidManifest.xml:67:10
	android:theme
		ADDED from AndroidManifest.xml:69:13
	android:name
		ADDED from AndroidManifest.xml:68:13
activity#com.geeker.door.welcome.CreatAccountActivity
ADDED from AndroidManifest.xml:72:10
	android:theme
		ADDED from AndroidManifest.xml:74:13
	android:name
		ADDED from AndroidManifest.xml:73:13
activity#com.geeker.door.welcome.BindingPhoneActivity
ADDED from AndroidManifest.xml:77:10
	android:theme
		ADDED from AndroidManifest.xml:79:13
	android:name
		ADDED from AndroidManifest.xml:78:13
activity#com.geeker.door.AddAlarmActivity
ADDED from AndroidManifest.xml:81:9
	android:name
		ADDED from AndroidManifest.xml:82:13
activity#com.geeker.door.AddScheduleActivity
ADDED from AndroidManifest.xml:84:11
	android:name
		ADDED from AndroidManifest.xml:85:13
activity#com.geeker.door.AddRequestActivity
ADDED from AndroidManifest.xml:87:12
	android:name
		ADDED from AndroidManifest.xml:88:13
activity#com.geeker.door.MessageCenterActivity
ADDED from AndroidManifest.xml:90:12
	android:name
		ADDED from AndroidManifest.xml:91:13
activity#com.geeker.door.ringtone.SelectRingtoneActivity
ADDED from AndroidManifest.xml:93:9
	android:name
		ADDED from AndroidManifest.xml:94:13
activity#com.geeker.door.EventDetailsActivity
ADDED from AndroidManifest.xml:95:9
	android:name
		ADDED from AndroidManifest.xml:96:13
activity#com.geeker.door.RecommendActivity
ADDED from AndroidManifest.xml:98:11
	android:name
		ADDED from AndroidManifest.xml:99:13
activity#com.geeker.door.AccountInfoActivity
ADDED from AndroidManifest.xml:100:11
	android:name
		ADDED from AndroidManifest.xml:101:13
activity#com.geeker.door.AccountModifyActivity
ADDED from AndroidManifest.xml:103:11
	android:name
		ADDED from AndroidManifest.xml:104:13
receiver#com.geeker.door.alarm.AlarmReceiver
ADDED from AndroidManifest.xml:106:12
	android:process
		ADDED from AndroidManifest.xml:106:73
	android:name
		ADDED from AndroidManifest.xml:106:22
receiver#com.geeker.door.alarm.NotificationReceiver
ADDED from AndroidManifest.xml:107:9
	android:process
		ADDED from AndroidManifest.xml:107:77
	android:name
		ADDED from AndroidManifest.xml:107:19
receiver#com.geeker.door.alarm.FinishAndDeleteReceiver
ADDED from AndroidManifest.xml:108:9
	android:process
		ADDED from AndroidManifest.xml:108:80
	android:name
		ADDED from AndroidManifest.xml:108:19
receiver#com.geeker.door.lock.WeatherRefreshReceiver
ADDED from AndroidManifest.xml:109:12
	android:process
		ADDED from AndroidManifest.xml:109:81
	android:name
		ADDED from AndroidManifest.xml:109:22
activity#com.geeker.door.alarm.AlarmActivity
ADDED from AndroidManifest.xml:110:10
	android:theme
		ADDED from AndroidManifest.xml:112:13
	android:taskAffinity
		ADDED from AndroidManifest.xml:111:13
	android:name
		ADDED from AndroidManifest.xml:110:20
service#com.geeker.door.lock.MyLockService
ADDED from AndroidManifest.xml:114:11
	android:exported
		ADDED from AndroidManifest.xml:114:55
	android:name
		ADDED from AndroidManifest.xml:114:20
service#com.geeker.door.alarm.ForceAwakeService
ADDED from AndroidManifest.xml:115:11
	android:exported
		ADDED from AndroidManifest.xml:115:60
	android:name
		ADDED from AndroidManifest.xml:115:20
activity#com.geeker.door.lock.MyLockActivity
ADDED from AndroidManifest.xml:116:10
	android:screenOrientation
		ADDED from AndroidManifest.xml:120:13
	android:taskAffinity
		ADDED from AndroidManifest.xml:118:13
	android:name
		ADDED from AndroidManifest.xml:117:13
	android:alwaysRetainTaskState
		ADDED from AndroidManifest.xml:119:13
activity#com.geeker.door.lock.LauncherActivity
ADDED from AndroidManifest.xml:123:11
	android:theme
		ADDED from AndroidManifest.xml:126:13
	android:name
		ADDED from AndroidManifest.xml:124:13
	android:launchMode
		ADDED from AndroidManifest.xml:125:13
intent-filter#android.intent.action.MAIN+android.intent.category.DEFAULT+android.intent.category.HOME+android.intent.category.MONKEY
ADDED from AndroidManifest.xml:128:14
category#android.intent.category.HOME
ADDED from AndroidManifest.xml:130:14
	android:name
		ADDED from AndroidManifest.xml:130:24
category#android.intent.category.DEFAULT
ADDED from AndroidManifest.xml:131:14
	android:name
		ADDED from AndroidManifest.xml:131:24
category#android.intent.category.MONKEY
ADDED from AndroidManifest.xml:132:14
	android:name
		ADDED from AndroidManifest.xml:132:24
receiver#com.geeker.door.alarm.PreAlarmReceiver
ADDED from AndroidManifest.xml:135:10
	android:process
		ADDED from AndroidManifest.xml:135:59
	android:name
		ADDED from AndroidManifest.xml:135:20
activity#com.geeker.door.alarm.PreAlarmActivity
ADDED from AndroidManifest.xml:136:12
	android:theme
		ADDED from AndroidManifest.xml:138:13
	android:name
		ADDED from AndroidManifest.xml:137:13
receiver#com.geeker.door.BootReceiver
ADDED from AndroidManifest.xml:141:10
	android:name
		ADDED from AndroidManifest.xml:141:20
intent-filter#android.intent.action.BOOT_COMPLETED
ADDED from AndroidManifest.xml:142:13
action#android.intent.action.BOOT_COMPLETED
ADDED from AndroidManifest.xml:143:17
	android:name
		ADDED from AndroidManifest.xml:143:25
activity#com.geeker.door.DesktopActivity
ADDED from AndroidManifest.xml:146:16
	android:theme
		ADDED from AndroidManifest.xml:148:13
	android:taskAffinity
		ADDED from AndroidManifest.xml:149:14
	android:name
		ADDED from AndroidManifest.xml:147:14
activity#com.geeker.door.ErrorActivity
ADDED from AndroidManifest.xml:151:10
	android:name
		ADDED from AndroidManifest.xml:152:13
activity#com.geeker.door.friends.FriendsActivity
ADDED from AndroidManifest.xml:154:8
	android:name
		ADDED from AndroidManifest.xml:155:13
activity#com.geeker.door.SettingsActivity
ADDED from AndroidManifest.xml:157:10
	android:name
		ADDED from AndroidManifest.xml:158:13
activity#com.geeker.door.AboutActivity
ADDED from AndroidManifest.xml:160:10
	android:name
		ADDED from AndroidManifest.xml:161:13
activity#com.geeker.door.alarm.ForceAlarmActivity
ADDED from AndroidManifest.xml:163:10
	android:theme
		ADDED from AndroidManifest.xml:165:13
	android:name
		ADDED from AndroidManifest.xml:164:13
activity#com.renn.rennsdk.oauth.OAuthActivity
ADDED from AndroidManifest.xml:175:10
	android:configChanges
		ADDED from AndroidManifest.xml:177:4
	android:name
		ADDED from AndroidManifest.xml:176:13
receiver#com.geeker.door.push.PushMessageReceiver
ADDED from AndroidManifest.xml:182:9
	android:name
		ADDED from AndroidManifest.xml:182:19
intent-filter#com.baidu.android.pushservice.action.MESSAGE+com.baidu.android.pushservice.action.RECEIVE+com.baidu.android.pushservice.action.notification.CLICK
ADDED from AndroidManifest.xml:183:13
action#com.baidu.android.pushservice.action.MESSAGE
ADDED from AndroidManifest.xml:185:17
	android:name
		ADDED from AndroidManifest.xml:185:25
action#com.baidu.android.pushservice.action.RECEIVE
ADDED from AndroidManifest.xml:187:17
	android:name
		ADDED from AndroidManifest.xml:187:25
action#com.baidu.android.pushservice.action.notification.CLICK
ADDED from AndroidManifest.xml:188:17
	android:name
		ADDED from AndroidManifest.xml:188:25
receiver#com.baidu.android.pushservice.PushServiceReceiver
ADDED from AndroidManifest.xml:193:9
	android:process
		ADDED from AndroidManifest.xml:194:13
	android:name
		ADDED from AndroidManifest.xml:193:19
intent-filter#android.intent.action.BOOT_COMPLETED+android.net.conn.CONNECTIVITY_CHANGE+com.baidu.android.pushservice.action.media.CLICK+com.baidu.android.pushservice.action.notification.SHOW
ADDED from AndroidManifest.xml:195:13
action#android.net.conn.CONNECTIVITY_CHANGE
ADDED from AndroidManifest.xml:197:17
	android:name
		ADDED from AndroidManifest.xml:197:25
action#com.baidu.android.pushservice.action.notification.SHOW
ADDED from AndroidManifest.xml:198:17
	android:name
		ADDED from AndroidManifest.xml:198:25
action#com.baidu.android.pushservice.action.media.CLICK
ADDED from AndroidManifest.xml:199:17
	android:name
		ADDED from AndroidManifest.xml:199:25
receiver#com.baidu.android.pushservice.RegistrationReceiver
ADDED from AndroidManifest.xml:203:9
	android:process
		ADDED from AndroidManifest.xml:204:13
	android:name
		ADDED from AndroidManifest.xml:203:19
intent-filter#com.baidu.android.pushservice.action.BIND_SYNC+com.baidu.android.pushservice.action.METHOD
ADDED from AndroidManifest.xml:205:13
action#com.baidu.android.pushservice.action.METHOD
ADDED from AndroidManifest.xml:206:17
	android:name
		ADDED from AndroidManifest.xml:206:25
action#com.baidu.android.pushservice.action.BIND_SYNC
ADDED from AndroidManifest.xml:207:17
	android:name
		ADDED from AndroidManifest.xml:207:25
intent-filter#android.intent.action.PACKAGE_REMOVED
ADDED from AndroidManifest.xml:209:13
action#android.intent.action.PACKAGE_REMOVED
ADDED from AndroidManifest.xml:210:17
	android:name
		ADDED from AndroidManifest.xml:210:25
data
ADDED from AndroidManifest.xml:211:17
	android:scheme
		ADDED from AndroidManifest.xml:211:23
service#com.baidu.android.pushservice.PushService
ADDED from AndroidManifest.xml:215:9
	android:process
		ADDED from AndroidManifest.xml:218:13
	android:exported
		ADDED from AndroidManifest.xml:217:13
	android:name
		ADDED from AndroidManifest.xml:216:13
service#com.baidu.location.f
ADDED from AndroidManifest.xml:219:9
	android:process
		ADDED from AndroidManifest.xml:222:13
	android:enabled
		ADDED from AndroidManifest.xml:221:13
	android:name
		ADDED from AndroidManifest.xml:220:13
meta-data#api_key
ADDED from AndroidManifest.xml:225:9
	android:name
		ADDED from AndroidManifest.xml:225:20
	android:value
		ADDED from AndroidManifest.xml:225:43
android:uses-permission#android.permission.READ_EXTERNAL_STORAGE
IMPLIED from AndroidManifest.xml:2:1 reason: com.nineoldandroids requested WRITE_EXTERNAL_STORAGE
meta-data#com.google.android.gms.version
ADDED from com.google.android.gms:play-services-base:7.3.0:21:9
MERGED from com.google.android.gms:play-services-base:7.3.0:21:9
MERGED from com.google.android.gms:play-services-base:7.3.0:21:9
MERGED from com.google.android.gms:play-services-base:7.3.0:21:9
MERGED from com.google.android.gms:play-services-base:7.3.0:21:9
MERGED from com.google.android.gms:play-services-base:7.3.0:21:9
MERGED from com.google.android.gms:play-services-base:7.3.0:21:9
MERGED from com.google.android.gms:play-services-base:7.3.0:21:9
MERGED from com.google.android.gms:play-services-base:7.3.0:21:9
MERGED from com.google.android.gms:play-services-base:7.3.0:21:9
MERGED from com.google.android.gms:play-services-base:7.3.0:21:9
MERGED from com.google.android.gms:play-services-base:7.3.0:21:9
MERGED from com.google.android.gms:play-services-base:7.3.0:21:9
MERGED from com.google.android.gms:play-services-base:7.3.0:21:9
MERGED from com.google.android.gms:play-services-base:7.3.0:21:9
MERGED from com.google.android.gms:play-services-base:7.3.0:21:9
MERGED from com.google.android.gms:play-services-base:7.3.0:21:9
MERGED from com.google.android.gms:play-services-base:7.3.0:21:9
MERGED from com.google.android.gms:play-services-base:7.3.0:21:9
MERGED from com.google.android.gms:play-services-base:7.3.0:21:9
MERGED from com.google.android.gms:play-services-base:7.3.0:21:9
MERGED from com.google.android.gms:play-services-base:7.3.0:21:9
MERGED from com.google.android.gms:play-services-base:7.3.0:21:9
MERGED from com.google.android.gms:play-services-base:7.3.0:21:9
MERGED from com.google.android.gms:play-services-base:7.3.0:21:9
MERGED from com.google.android.gms:play-services-base:7.3.0:21:9
MERGED from com.google.android.gms:play-services-base:7.3.0:21:9
	android:name
		ADDED from com.google.android.gms:play-services-base:7.3.0:22:13
	android:value
		ADDED from com.google.android.gms:play-services-base:7.3.0:23:13
meta-data#com.google.android.wearable.beta.app
ADDED from AndroidManifest.xml:5:9
	android:resource
		ADDED from AndroidManifest.xml:6:20
	android:name
		ADDED from AndroidManifest.xml:5:20